<?xml version="1.0" encoding="UTF-8"?>
<!-- Generated by org.testng.reporters.JUnitXMLReporter -->
<testsuite hostname="DESKTOP-EFLCP9J" ignored="0" name="apiTest" tests="4" failures="0" timestamp="2022-11-27T21:09:27 IST" time="20.873" errors="0">
  <testcase name="createWithArray_post" time="10.68" classname="com.cloudmore.assignment.Assignment_PartC_Test"/>
  <testcase name="deleteUserByUserName" time="5.206" classname="com.cloudmore.assignment.Assignment_PartC_Test"/>
  <testcase name="getUserByUserName" time="1.513" classname="com.cloudmore.assignment.Assignment_PartC_Test"/>
  <testcase name="updateUser_put" time="3.441" classname="com.cloudmore.assignment.Assignment_PartC_Test"/>
</testsuite> <!-- apiTest -->
