<?xml version="1.0" encoding="UTF-8"?>
<!-- Generated by org.testng.reporters.JUnitXMLReporter -->
<testsuite hostname="DESKTOP-EFLCP9J" ignored="0" name="uiTest" tests="4" failures="1" timestamp="2022-11-27T21:09:05 IST" time="361.492" errors="0">
  <testcase name="checkMenuItems" time="19.569" classname="com.cloudmore.assignment.Assignment_PartB_Test"/>
  <testcase name="testLogoExistence" time="10.395" classname="com.cloudmore.assignment.Assignment_PartB_Test"/>
  <testcase name="testSearchFunction_fail" time="124.651" classname="com.cloudmore.assignment.Assignment_PartB_Test">
    <failure type="java.lang.AssertionError" message="expected [true] but found [false]">
      <![CDATA[java.lang.AssertionError: expected [true] but found [false]
at com.cloudmore.assignment.Assignment_PartB_Test.testSearchFunction_fail(Assignment_PartB_Test.java:148)
at java.util.ArrayList.forEach(ArrayList.java:1257)
... Removed 31 stack frames]]>
    </failure>
  </testcase> <!-- testSearchFunction_fail -->
  <testcase name="testSearchFunction_pass" time="108.308" classname="com.cloudmore.assignment.Assignment_PartB_Test"/>
</testsuite> <!-- uiTest -->
