<?xml version="1.0" encoding="UTF-8"?>
<testng-results skipped="0" failed="1" ignored="0" total="8" passed="7">
  <reporter-output>
  </reporter-output>
  <suite name="UITest_Cloudmore" duration-ms="384056" started-at="2022-11-27T21:03:03 IST" finished-at="2022-11-27T21:09:27 IST">
    <groups>
      <group name=" PUT">
        <method signature="Assignment_PartC_Test.updateUser_put()[pri:0, instance:com.cloudmore.assignment.Assignment_PartC_Test@18151a14]" name="updateUser_put" class="com.cloudmore.assignment.Assignment_PartC_Test"/>
      </group> <!--  PUT -->
      <group name="ALL">
        <method signature="Assignment_PartC_Test.createWithArray_post()[pri:0, instance:com.cloudmore.assignment.Assignment_PartC_Test@18151a14]" name="createWithArray_post" class="com.cloudmore.assignment.Assignment_PartC_Test"/>
        <method signature="Assignment_PartC_Test.deleteUserByUserName()[pri:0, instance:com.cloudmore.assignment.Assignment_PartC_Test@18151a14]" name="deleteUserByUserName" class="com.cloudmore.assignment.Assignment_PartC_Test"/>
        <method signature="Assignment_PartC_Test.getUserByUserName()[pri:0, instance:com.cloudmore.assignment.Assignment_PartC_Test@18151a14]" name="getUserByUserName" class="com.cloudmore.assignment.Assignment_PartC_Test"/>
        <method signature="Assignment_PartC_Test.updateUser_put()[pri:0, instance:com.cloudmore.assignment.Assignment_PartC_Test@18151a14]" name="updateUser_put" class="com.cloudmore.assignment.Assignment_PartC_Test"/>
      </group> <!-- ALL -->
      <group name="DELETE">
        <method signature="Assignment_PartC_Test.deleteUserByUserName()[pri:0, instance:com.cloudmore.assignment.Assignment_PartC_Test@18151a14]" name="deleteUserByUserName" class="com.cloudmore.assignment.Assignment_PartC_Test"/>
      </group> <!-- DELETE -->
      <group name="POST">
        <method signature="Assignment_PartC_Test.createWithArray_post()[pri:0, instance:com.cloudmore.assignment.Assignment_PartC_Test@18151a14]" name="createWithArray_post" class="com.cloudmore.assignment.Assignment_PartC_Test"/>
      </group> <!-- POST -->
      <group name="GET">
        <method signature="Assignment_PartC_Test.getUserByUserName()[pri:0, instance:com.cloudmore.assignment.Assignment_PartC_Test@18151a14]" name="getUserByUserName" class="com.cloudmore.assignment.Assignment_PartC_Test"/>
      </group> <!-- GET -->
    </groups>
    <test name="uiTest" duration-ms="361492" started-at="2022-11-27T21:03:03 IST" finished-at="2022-11-27T21:09:05 IST">
      <class name="com.cloudmore.assignment.Assignment_PartB_Test">
        <test-method status="PASS" signature="Setup()[pri:0, instance:com.cloudmore.assignment.Assignment_PartB_Test@5a6d5a8f]" name="Setup" is-config="true" duration-ms="35963" started-at="2022-11-27T21:03:03 IST" finished-at="2022-11-27T21:03:39 IST">
          <reporter-output>
          </reporter-output>
        </test-method> <!-- Setup -->
        <test-method status="PASS" signature="checkMenuItems()[pri:0, instance:com.cloudmore.assignment.Assignment_PartB_Test@5a6d5a8f]" name="checkMenuItems" duration-ms="19569" started-at="2022-11-27T21:03:39 IST" finished-at="2022-11-27T21:03:59 IST">
          <reporter-output>
          </reporter-output>
        </test-method> <!-- checkMenuItems -->
        <test-method status="PASS" signature="closeBrowser()[pri:0, instance:com.cloudmore.assignment.Assignment_PartB_Test@5a6d5a8f]" name="closeBrowser" is-config="true" duration-ms="905" started-at="2022-11-27T21:03:59 IST" finished-at="2022-11-27T21:04:00 IST">
          <reporter-output>
          </reporter-output>
        </test-method> <!-- closeBrowser -->
        <test-method status="PASS" signature="Setup()[pri:0, instance:com.cloudmore.assignment.Assignment_PartB_Test@5a6d5a8f]" name="Setup" is-config="true" duration-ms="17260" started-at="2022-11-27T21:04:00 IST" finished-at="2022-11-27T21:04:17 IST">
          <reporter-output>
          </reporter-output>
        </test-method> <!-- Setup -->
        <test-method status="PASS" signature="testLogoExistence()[pri:0, instance:com.cloudmore.assignment.Assignment_PartB_Test@5a6d5a8f]" name="testLogoExistence" duration-ms="10395" started-at="2022-11-27T21:04:17 IST" finished-at="2022-11-27T21:04:28 IST">
          <reporter-output>
          </reporter-output>
        </test-method> <!-- testLogoExistence -->
        <test-method status="PASS" signature="closeBrowser()[pri:0, instance:com.cloudmore.assignment.Assignment_PartB_Test@5a6d5a8f]" name="closeBrowser" is-config="true" duration-ms="551" started-at="2022-11-27T21:04:28 IST" finished-at="2022-11-27T21:04:28 IST">
          <reporter-output>
          </reporter-output>
        </test-method> <!-- closeBrowser -->
        <test-method status="PASS" signature="Setup()[pri:0, instance:com.cloudmore.assignment.Assignment_PartB_Test@5a6d5a8f]" name="Setup" is-config="true" duration-ms="11071" started-at="2022-11-27T21:04:28 IST" finished-at="2022-11-27T21:04:39 IST">
          <reporter-output>
          </reporter-output>
        </test-method> <!-- Setup -->
        <test-method status="FAIL" signature="testSearchFunction_fail()[pri:0, instance:com.cloudmore.assignment.Assignment_PartB_Test@5a6d5a8f]" name="testSearchFunction_fail" duration-ms="124651" started-at="2022-11-27T21:04:39 IST" finished-at="2022-11-27T21:06:44 IST">
          <exception class="java.lang.AssertionError">
            <message>
              <![CDATA[expected [true] but found [false]]]>
            </message>
            <full-stacktrace>
              <![CDATA[java.lang.AssertionError: expected [true] but found [false]
at org.testng.Assert.fail(Assert.java:99)
at org.testng.Assert.failNotEquals(Assert.java:1037)
at org.testng.Assert.assertTrue(Assert.java:45)
at org.testng.Assert.assertTrue(Assert.java:55)
at com.cloudmore.assignment.Assignment_PartB_Test.testSearchFunction_fail(Assignment_PartB_Test.java:148)
at sun.reflect.NativeMethodAccessorImpl.invoke0(Native Method)
at sun.reflect.NativeMethodAccessorImpl.invoke(NativeMethodAccessorImpl.java:62)
at sun.reflect.DelegatingMethodAccessorImpl.invoke(DelegatingMethodAccessorImpl.java:43)
at java.lang.reflect.Method.invoke(Method.java:498)
at org.testng.internal.MethodInvocationHelper.invokeMethod(MethodInvocationHelper.java:133)
at org.testng.internal.TestInvoker.invokeMethod(TestInvoker.java:598)
at org.testng.internal.TestInvoker.invokeTestMethod(TestInvoker.java:173)
at org.testng.internal.MethodRunner.runInSequence(MethodRunner.java:46)
at org.testng.internal.TestInvoker$MethodInvocationAgent.invoke(TestInvoker.java:824)
at org.testng.internal.TestInvoker.invokeTestMethods(TestInvoker.java:146)
at org.testng.internal.TestMethodWorker.invokeTestMethods(TestMethodWorker.java:146)
at org.testng.internal.TestMethodWorker.run(TestMethodWorker.java:128)
at java.util.ArrayList.forEach(ArrayList.java:1257)
at org.testng.TestRunner.privateRun(TestRunner.java:794)
at org.testng.TestRunner.run(TestRunner.java:596)
at org.testng.SuiteRunner.runTest(SuiteRunner.java:377)
at org.testng.SuiteRunner.runSequentially(SuiteRunner.java:371)
at org.testng.SuiteRunner.privateRun(SuiteRunner.java:332)
at org.testng.SuiteRunner.run(SuiteRunner.java:276)
at org.testng.SuiteRunnerWorker.runSuite(SuiteRunnerWorker.java:53)
at org.testng.SuiteRunnerWorker.run(SuiteRunnerWorker.java:96)
at org.testng.TestNG.runSuitesSequentially(TestNG.java:1212)
at org.testng.TestNG.runSuitesLocally(TestNG.java:1134)
at org.testng.TestNG.runSuites(TestNG.java:1063)
at org.testng.TestNG.run(TestNG.java:1031)
at org.testng.remote.AbstractRemoteTestNG.run(AbstractRemoteTestNG.java:115)
at org.testng.remote.RemoteTestNG.initAndRun(RemoteTestNG.java:251)
at org.testng.remote.RemoteTestNG.main(RemoteTestNG.java:77)
]]>
            </full-stacktrace>
          </exception> <!-- java.lang.AssertionError -->
          <reporter-output>
          </reporter-output>
        </test-method> <!-- testSearchFunction_fail -->
        <test-method status="PASS" signature="closeBrowser()[pri:0, instance:com.cloudmore.assignment.Assignment_PartB_Test@5a6d5a8f]" name="closeBrowser" is-config="true" duration-ms="326" started-at="2022-11-27T21:06:45 IST" finished-at="2022-11-27T21:06:45 IST">
          <reporter-output>
          </reporter-output>
        </test-method> <!-- closeBrowser -->
        <test-method status="PASS" signature="Setup()[pri:0, instance:com.cloudmore.assignment.Assignment_PartB_Test@5a6d5a8f]" name="Setup" is-config="true" duration-ms="29569" started-at="2022-11-27T21:06:45 IST" finished-at="2022-11-27T21:07:15 IST">
          <reporter-output>
          </reporter-output>
        </test-method> <!-- Setup -->
        <test-method status="PASS" signature="testSearchFunction_pass()[pri:0, instance:com.cloudmore.assignment.Assignment_PartB_Test@5a6d5a8f]" name="testSearchFunction_pass" duration-ms="108308" started-at="2022-11-27T21:07:15 IST" finished-at="2022-11-27T21:09:03 IST">
          <reporter-output>
          </reporter-output>
        </test-method> <!-- testSearchFunction_pass -->
        <test-method status="PASS" signature="closeBrowser()[pri:0, instance:com.cloudmore.assignment.Assignment_PartB_Test@5a6d5a8f]" name="closeBrowser" is-config="true" duration-ms="382" started-at="2022-11-27T21:09:03 IST" finished-at="2022-11-27T21:09:04 IST">
          <reporter-output>
          </reporter-output>
        </test-method> <!-- closeBrowser -->
        <test-method status="PASS" signature="tearDown()[pri:0, instance:com.cloudmore.assignment.Assignment_PartB_Test@5a6d5a8f]" name="tearDown" is-config="true" duration-ms="1250" started-at="2022-11-27T21:09:04 IST" finished-at="2022-11-27T21:09:05 IST">
          <reporter-output>
          </reporter-output>
        </test-method> <!-- tearDown -->
      </class> <!-- com.cloudmore.assignment.Assignment_PartB_Test -->
    </test> <!-- uiTest -->
    <test name="apiTest" duration-ms="20873" started-at="2022-11-27T21:09:07 IST" finished-at="2022-11-27T21:09:27 IST">
      <class name="com.cloudmore.assignment.Assignment_PartC_Test">
        <test-method status="PASS" signature="createWithArray_post()[pri:0, instance:com.cloudmore.assignment.Assignment_PartC_Test@18151a14]" name="createWithArray_post" duration-ms="10680" started-at="2022-11-27T21:09:07 IST" finished-at="2022-11-27T21:09:17 IST">
          <reporter-output>
          </reporter-output>
        </test-method> <!-- createWithArray_post -->
        <test-method status="PASS" signature="deleteUserByUserName()[pri:0, instance:com.cloudmore.assignment.Assignment_PartC_Test@18151a14]" name="deleteUserByUserName" duration-ms="5206" started-at="2022-11-27T21:09:17 IST" finished-at="2022-11-27T21:09:22 IST">
          <reporter-output>
          </reporter-output>
        </test-method> <!-- deleteUserByUserName -->
        <test-method status="PASS" signature="getUserByUserName()[pri:0, instance:com.cloudmore.assignment.Assignment_PartC_Test@18151a14]" name="getUserByUserName" duration-ms="1513" started-at="2022-11-27T21:09:22 IST" depends-on-methods="com.cloudmore.assignment.Assignment_PartC_Test.createWithArray_post" finished-at="2022-11-27T21:09:24 IST">
          <reporter-output>
          </reporter-output>
        </test-method> <!-- getUserByUserName -->
        <test-method status="PASS" signature="updateUser_put()[pri:0, instance:com.cloudmore.assignment.Assignment_PartC_Test@18151a14]" name="updateUser_put" duration-ms="3441" started-at="2022-11-27T21:09:24 IST" depends-on-methods="com.cloudmore.assignment.Assignment_PartC_Test.createWithArray_post" finished-at="2022-11-27T21:09:27 IST">
          <reporter-output>
          </reporter-output>
        </test-method> <!-- updateUser_put -->
      </class> <!-- com.cloudmore.assignment.Assignment_PartC_Test -->
    </test> <!-- apiTest -->
  </suite> <!-- UITest_Cloudmore -->
</testng-results>
