<?xml version="1.0" encoding="UTF-8"?>
<!-- Generated by org.testng.reporters.JUnitXMLReporter -->
<testsuite hostname="DESKTOP-EFLCP9J" ignored="0" name="apiTest" tests="4" failures="0" timestamp="2022-11-26T19:27:28 IST" time="12.029" errors="0">
  <testcase name="createWithArray_post_api" time="3.965" classname="com.cloudmore.assignment.Assignment_PartC_Test"/>
  <testcase name="deleteUserByUserName" time="3.588" classname="com.cloudmore.assignment.Assignment_PartC_Test"/>
  <testcase name="getUserByUserName" time="1.443" classname="com.cloudmore.assignment.Assignment_PartC_Test"/>
  <testcase name="updateUser_put_api" time="2.972" classname="com.cloudmore.assignment.Assignment_PartC_Test"/>
</testsuite> <!-- apiTest -->
