<?xml version="1.0" encoding="UTF-8"?>
<!-- Generated by org.testng.reporters.JUnitXMLReporter -->
<testsuite hostname="DESKTOP-EFLCP9J" ignored="2" name="uiTest" tests="1" failures="1" timestamp="2022-11-27T15:34:00 IST" time="265.623" errors="0">
  <testcase name="testSearchFunction" time="220.095" classname="com.cloudmore.assignment.Assignment_PartB_Test">
    <failure type="java.lang.AssertionError" message="expected [true] but found [false]">
      <![CDATA[java.lang.AssertionError: expected [true] but found [false]
at com.cloudmore.assignment.Assignment_PartB_Test.testSearchFunction(Assignment_PartB_Test.java:115)
at java.util.ArrayList.forEach(Unknown Source)
... Removed 31 stack frames]]>
    </failure>
  </testcase> <!-- testSearchFunction -->
  <testcase name="testLogoExistence" time="0.0" classname="com.cloudmore.assignment.Assignment_PartB_Test">
    <ignored/>
  </testcase> <!-- testLogoExistence -->
  <testcase name="checkMenuItems" time="0.0" classname="com.cloudmore.assignment.Assignment_PartB_Test">
    <ignored/>
  </testcase> <!-- checkMenuItems -->
</testsuite> <!-- uiTest -->
